# JRE version: Java(TM) SE Runtime Environment (7.0_79-b15) (build 1.7.0_79-b15)
# Java VM: Java HotSpot(TM) 64-Bit Server VM (24.79-b02 mixed mode windows-amd64 compressed oops)
Heap
 PSYoungGen      total 141824K, used 4464K [0x00000007aaa80000, 0x00000007b3f80000, 0x0000000800000000)
  eden space 131072K, 3% used [0x00000007aaa80000,0x00000007aaedc268,0x00000007b2a80000)
  from space 10752K, 0% used [0x00000007b3500000,0x00000007b3500000,0x00000007b3f80000)
  to   space 10752K, 0% used [0x00000007b2a80000,0x00000007b2a80000,0x00000007b3500000)
 ParOldGen       total 173056K, used 72774K [0x0000000700000000, 0x000000070a900000, 0x00000007aaa80000)
  object space 173056K, 42% used [0x0000000700000000,0x0000000704711820,0x000000070a900000)
 PSPermGen       total 36864K, used 19665K [0x00000006e0000000, 0x00000006e2400000, 0x0000000700000000)
  object space 36864K, 53% used [0x00000006e0000000,0x00000006e1335828,0x00000006e2400000)
GC Heap History (10 events):
Event: 9.805 GC heap before
{Heap before GC invocations=1 (full 0):
 PSYoungGen      total 76288K, used 65536K [0x00000007aaa80000, 0x00000007aff80000, 0x0000000800000000)
  eden space 65536K, 100% used [0x00000007aaa80000,0x00000007aea80000,0x00000007aea80000)
  from space 10752K, 0% used [0x00000007af500000,0x00000007af500000,0x00000007aff80000)
  to   space 10752K, 0% used [0x00000007aea80000,0x00000007aea80000,0x00000007af500000)
 ParOldGen       total 173056K, used 0K [0x0000000700000000, 0x000000070a900000, 0x00000007aaa80000)
  object space 173056K, 0% used [0x0000000700000000,0x0000000700000000,0x000000070a900000)
 PSPermGen       total 21504K, used 17280K [0x00000006e0000000, 0x00000006e1500000, 0x0000000700000000)
  object space 21504K, 80% used [0x00000006e0000000,0x00000006e10e0240,0x00000006e1500000)
Event: 9.815 GC heap after
Heap after GC invocations=1 (full 0):
 PSYoungGen      total 76288K, used 10742K [0x00000007aaa80000, 0x00000007aff80000, 0x0000000800000000)
  eden space 65536K, 0% used [0x00000007aaa80000,0x00000007aaa80000,0x00000007aea80000)
  from space 10752K, 99% used [0x00000007aea80000,0x00000007af4fdb40,0x00000007af500000)
  to   space 10752K, 0% used [0x00000007af500000,0x00000007af500000,0x00000007aff80000)
 ParOldGen       total 173056K, used 3226K [0x0000000700000000, 0x000000070a900000, 0x00000007aaa80000)
  object space 173056K, 1% used [0x0000000700000000,0x0000000700326b70,0x000000070a900000)
 PSPermGen       total 21504K, used 17280K [0x00000006e0000000, 0x00000006e1500000, 0x0000000700000000)
  object space 21504K, 80% used [0x00000006e0000000,0x00000006e10e0240,0x00000006e1500000)
}
Event: 10.028 GC heap before
{Heap before GC invocations=2 (full 0):
 PSYoungGen      total 76288K, used 76278K [0x00000007aaa80000, 0x00000007aff80000, 0x0000000800000000)
  eden space 65536K, 100% used [0x00000007aaa80000,0x00000007aea80000,0x00000007aea80000)
  from space 10752K, 99% used [0x00000007aea80000,0x00000007af4fdb40,0x00000007af500000)
  to   space 10752K, 0% used [0x00000007af500000,0x00000007af500000,0x00000007aff80000)
 ParOldGen       total 173056K, used 3226K [0x0000000700000000, 0x000000070a900000, 0x00000007aaa80000)
  object space 173056K, 1% used [0x0000000700000000,0x0000000700326b70,0x000000070a900000)
 PSPermGen       total 21504K, used 17834K [0x00000006e0000000, 0x00000006e1500000, 0x0000000700000000)
  object space 21504K, 82% used [0x00000006e0000000,0x00000006e116abd8,0x00000006e1500000)
Event: 10.057 GC heap after
Heap after GC invocations=2 (full 0):
 PSYoungGen      total 76288K, used 10742K [0x00000007aaa80000, 0x00000007b3f80000, 0x0000000800000000)
  eden space 65536K, 0% used [0x00000007aaa80000,0x00000007aaa80000,0x00000007aea80000)
  from space 10752K, 99% used [0x00000007af500000,0x00000007aff7db00,0x00000007aff80000)
  to   space 10752K, 0% used [0x00000007aea80000,0x00000007aea80000,0x00000007af500000)
 ParOldGen       total 173056K, used 33206K [0x0000000700000000, 0x000000070a900000, 0x00000007aaa80000)
  object space 173056K, 19% used [0x0000000700000000,0x000000070206db38,0x000000070a900000)
 PSPermGen       total 21504K, used 17834K [0x00000006e0000000, 0x00000006e1500000, 0x0000000700000000)
  object space 21504K, 82% used [0x00000006e0000000,0x00000006e116abd8,0x00000006e1500000)
}
Event: 10.196 GC heap before
{Heap before GC invocations=3 (full 0):
 PSYoungGen      total 76288K, used 76278K [0x00000007aaa80000, 0x00000007b3f80000, 0x0000000800000000)
  eden space 65536K, 100% used [0x00000007aaa80000,0x00000007aea80000,0x00000007aea80000)
  from space 10752K, 99% used [0x00000007af500000,0x00000007aff7db00,0x00000007aff80000)
  to   space 10752K, 0% used [0x00000007aea80000,0x00000007aea80000,0x00000007af500000)
 ParOldGen       total 173056K, used 33206K [0x0000000700000000, 0x000000070a900000, 0x00000007aaa80000)
  object space 173056K, 19% used [0x0000000700000000,0x000000070206db38,0x000000070a900000)
 PSPermGen       total 21504K, used 18097K [0x00000006e0000000, 0x00000006e1500000, 0x0000000700000000)
  object space 21504K, 84% used [0x00000006e0000000,0x00000006e11ac6b8,0x00000006e1500000)
Event: 10.226 GC heap after
Heap after GC invocations=3 (full 0):
 PSYoungGen      total 76288K, used 10743K [0x00000007aaa80000, 0x00000007b3f80000, 0x0000000800000000)
  eden space 65536K, 0% used [0x00000007aaa80000,0x00000007aaa80000,0x00000007aea80000)
  from space 10752K, 99% used [0x00000007aea80000,0x00000007af4fdf70,0x00000007af500000)
  to   space 10752K, 0% used [0x00000007b3500000,0x00000007b3500000,0x00000007b3f80000)
 ParOldGen       total 173056K, used 65899K [0x0000000700000000, 0x000000070a900000, 0x00000007aaa80000)
  object space 173056K, 38% used [0x0000000700000000,0x000000070405af48,0x000000070a900000)
 PSPermGen       total 21504K, used 18097K [0x00000006e0000000, 0x00000006e1500000, 0x0000000700000000)
  object space 21504K, 84% used [0x00000006e0000000,0x00000006e11ac6b8,0x00000006e1500000)
}
Event: 10.231 GC heap before
{Heap before GC invocations=4 (full 0):
 PSYoungGen      total 76288K, used 11767K [0x00000007aaa80000, 0x00000007b3f80000, 0x0000000800000000)
  eden space 65536K, 1% used [0x00000007aaa80000,0x00000007aab7fd48,0x00000007aea80000)
  from space 10752K, 99% used [0x00000007aea80000,0x00000007af4fdf70,0x00000007af500000)
  to   space 10752K, 0% used [0x00000007b3500000,0x00000007b3500000,0x00000007b3f80000)
 ParOldGen       total 173056K, used 65899K [0x0000000700000000, 0x000000070a900000, 0x00000007aaa80000)
  object space 173056K, 38% used [0x0000000700000000,0x000000070405af48,0x000000070a900000)
 PSPermGen       total 21504K, used 18196K [0x00000006e0000000, 0x00000006e1500000, 0x0000000700000000)
  object space 21504K, 84% used [0x00000006e0000000,0x00000006e11c5208,0x00000006e1500000)
Event: 10.239 GC heap after
Heap after GC invocations=4 (full 0):
 PSYoungGen      total 141824K, used 10743K [0x00000007aaa80000, 0x00000007b3f80000, 0x0000000800000000)
  eden space 131072K, 0% used [0x00000007aaa80000,0x00000007aaa80000,0x00000007b2a80000)
  from space 10752K, 99% used [0x00000007b3500000,0x00000007b3f7df50,0x00000007b3f80000)
  to   space 10752K, 0% used [0x00000007b2a80000,0x00000007b2a80000,0x00000007b3500000)
 ParOldGen       total 173056K, used 65987K [0x0000000700000000, 0x000000070a900000, 0x00000007aaa80000)
  object space 173056K, 38% used [0x0000000700000000,0x0000000704070f48,0x000000070a900000)
 PSPermGen       total 21504K, used 18196K [0x00000006e0000000, 0x00000006e1500000, 0x0000000700000000)
  object space 21504K, 84% used [0x00000006e0000000,0x00000006e11c5208,0x00000006e1500000)
}
Event: 10.239 GC heap before
{Heap before GC invocations=5 (full 1):
 PSYoungGen      total 141824K, used 10743K [0x00000007aaa80000, 0x00000007b3f80000, 0x0000000800000000)
  eden space 131072K, 0% used [0x00000007aaa80000,0x00000007aaa80000,0x00000007b2a80000)
  from space 10752K, 99% used [0x00000007b3500000,0x00000007b3f7df50,0x00000007b3f80000)
  to   space 10752K, 0% used [0x00000007b2a80000,0x00000007b2a80000,0x00000007b3500000)
 ParOldGen       total 173056K, used 65987K [0x0000000700000000, 0x000000070a900000, 0x00000007aaa80000)
  object space 173056K, 38% used [0x0000000700000000,0x0000000704070f48,0x000000070a900000)
 PSPermGen       total 21504K, used 18196K [0x00000006e0000000, 0x00000006e1500000, 0x0000000700000000)
  object space 21504K, 84% used [0x00000006e0000000,0x00000006e11c5208,0x00000006e1500000)
Event: 10.479 GC heap after
Heap after GC invocations=5 (full 1):
 PSYoungGen      total 141824K, used 0K [0x00000007aaa80000, 0x00000007b3f80000, 0x0000000800000000)
  eden space 131072K, 0% used [0x00000007aaa80000,0x00000007aaa80000,0x00000007b2a80000)
  from space 10752K, 0% used [0x00000007b3500000,0x00000007b3500000,0x00000007b3f80000)
  to   space 10752K, 0% used [0x00000007b2a80000,0x00000007b2a80000,0x00000007b3500000)
 ParOldGen       total 173056K, used 72774K [0x0000000700000000, 0x000000070a900000, 0x00000007aaa80000)
  object space 173056K, 42% used [0x0000000700000000,0x0000000704711820,0x000000070a900000)
 PSPermGen       total 36864K, used 18189K [0x00000006e0000000, 0x00000006e2400000, 0x0000000700000000)
  object space 36864K, 49% used [0x00000006e0000000,0x00000006e11c36b0,0x00000006e2400000)
}

