# JRE version: 7.0_09-b05
# Java VM: Java HotSpot(TM) 64-Bit Server VM (23.5-b02 mixed mode windows-amd64 compressed oops)
Heap
 PSYoungGen      total 141248K, used 1202K [0x00000007aaab0000, 0x00000007b3f30000, 0x0000000800000000)
  eden space 130432K, 0% used [0x00000007aaab0000,0x00000007aabdcb48,0x00000007b2a10000)
  from space 10816K, 0% used [0x00000007b2a10000,0x00000007b2a10000,0x00000007b34a0000)
  to   space 10816K, 0% used [0x00000007b34a0000,0x00000007b34a0000,0x00000007b3f30000)
 ParOldGen       total 173760K, used 58836K [0x0000000700000000, 0x000000070a9b0000, 0x00000007aaab0000)
  object space 173760K, 33% used [0x0000000700000000,0x00000007039752a8,0x000000070a9b0000)
 PSPermGen       total 40896K, used 20988K [0x00000006e0000000, 0x00000006e27f0000, 0x0000000700000000)
  object space 40896K, 51% used [0x00000006e0000000,0x00000006e147f178,0x00000006e27f0000)
GC Heap History (8 events):
Event: 0.606 GC heap before
{Heap before GC invocations=1 (full 0):
 PSYoungGen      total 76032K, used 65216K [0x00000007aaab0000, 0x00000007aff80000, 0x0000000800000000)
  eden space 65216K, 100% used [0x00000007aaab0000,0x00000007aea60000,0x00000007aea60000)
  from space 10816K, 0% used [0x00000007af4f0000,0x00000007af4f0000,0x00000007aff80000)
  to   space 10816K, 0% used [0x00000007aea60000,0x00000007aea60000,0x00000007af4f0000)
 ParOldGen       total 173760K, used 0K [0x0000000700000000, 0x000000070a9b0000, 0x00000007aaab0000)
  object space 173760K, 0% used [0x0000000700000000,0x0000000700000000,0x000000070a9b0000)
 PSPermGen       total 21248K, used 13748K [0x00000006e0000000, 0x00000006e14c0000, 0x0000000700000000)
  object space 21248K, 64% used [0x00000006e0000000,0x00000006e0d6d3a0,0x00000006e14c0000)
Event: 0.620 GC heap after
Heap after GC invocations=1 (full 0):
 PSYoungGen      total 76032K, used 10792K [0x00000007aaab0000, 0x00000007b3f30000, 0x0000000800000000)
  eden space 65216K, 0% used [0x00000007aaab0000,0x00000007aaab0000,0x00000007aea60000)
  from space 10816K, 99% used [0x00000007aea60000,0x00000007af4ea310,0x00000007af4f0000)
  to   space 10816K, 0% used [0x00000007b34a0000,0x00000007b34a0000,0x00000007b3f30000)
 ParOldGen       total 173760K, used 7826K [0x0000000700000000, 0x000000070a9b0000, 0x00000007aaab0000)
  object space 173760K, 4% used [0x0000000700000000,0x00000007007a49d0,0x000000070a9b0000)
 PSPermGen       total 21248K, used 13748K [0x00000006e0000000, 0x00000006e14c0000, 0x0000000700000000)
  object space 21248K, 64% used [0x00000006e0000000,0x00000006e0d6d3a0,0x00000006e14c0000)
}
Event: 0.753 GC heap before
{Heap before GC invocations=2 (full 0):
 PSYoungGen      total 76032K, used 76008K [0x00000007aaab0000, 0x00000007b3f30000, 0x0000000800000000)
  eden space 65216K, 100% used [0x00000007aaab0000,0x00000007aea60000,0x00000007aea60000)
  from space 10816K, 99% used [0x00000007aea60000,0x00000007af4ea310,0x00000007af4f0000)
  to   space 10816K, 0% used [0x00000007b34a0000,0x00000007b34a0000,0x00000007b3f30000)
 ParOldGen       total 173760K, used 7826K [0x0000000700000000, 0x000000070a9b0000, 0x00000007aaab0000)
  object space 173760K, 4% used [0x0000000700000000,0x00000007007a49d0,0x000000070a9b0000)
 PSPermGen       total 21248K, used 16684K [0x00000006e0000000, 0x00000006e14c0000, 0x0000000700000000)
  object space 21248K, 78% used [0x00000006e0000000,0x00000006e104b160,0x00000006e14c0000)
Event: 0.791 GC heap after
Heap after GC invocations=2 (full 0):
 PSYoungGen      total 141248K, used 10795K [0x00000007aaab0000, 0x00000007b3f30000, 0x0000000800000000)
  eden space 130432K, 0% used [0x00000007aaab0000,0x00000007aaab0000,0x00000007b2a10000)
  from space 10816K, 99% used [0x00000007b34a0000,0x00000007b3f2af68,0x00000007b3f30000)
  to   space 10816K, 0% used [0x00000007b2a10000,0x00000007b2a10000,0x00000007b34a0000)
 ParOldGen       total 173760K, used 43365K [0x0000000700000000, 0x000000070a9b0000, 0x00000007aaab0000)
  object space 173760K, 24% used [0x0000000700000000,0x0000000702a596f8,0x000000070a9b0000)
 PSPermGen       total 21248K, used 16684K [0x00000006e0000000, 0x00000006e14c0000, 0x0000000700000000)
  object space 21248K, 78% used [0x00000006e0000000,0x00000006e104b160,0x00000006e14c0000)
}
Event: 1.187 GC heap before
{Heap before GC invocations=3 (full 0):
 PSYoungGen      total 141248K, used 70266K [0x00000007aaab0000, 0x00000007b3f30000, 0x0000000800000000)
  eden space 130432K, 45% used [0x00000007aaab0000,0x00000007ae4c3a18,0x00000007b2a10000)
  from space 10816K, 99% used [0x00000007b34a0000,0x00000007b3f2af68,0x00000007b3f30000)
  to   space 10816K, 0% used [0x00000007b2a10000,0x00000007b2a10000,0x00000007b34a0000)
 ParOldGen       total 173760K, used 43365K [0x0000000700000000, 0x000000070a9b0000, 0x00000007aaab0000)
  object space 173760K, 24% used [0x0000000700000000,0x0000000702a596f8,0x000000070a9b0000)
 PSPermGen       total 21248K, used 20299K [0x00000006e0000000, 0x00000006e14c0000, 0x0000000700000000)
  object space 21248K, 95% used [0x00000006e0000000,0x00000006e13d2ff8,0x00000006e14c0000)
Event: 1.201 GC heap after
Heap after GC invocations=3 (full 0):
 PSYoungGen      total 141248K, used 10799K [0x00000007aaab0000, 0x00000007b3f30000, 0x0000000800000000)
  eden space 130432K, 0% used [0x00000007aaab0000,0x00000007aaab0000,0x00000007b2a10000)
  from space 10816K, 99% used [0x00000007b2a10000,0x00000007b349bd30,0x00000007b34a0000)
  to   space 10816K, 0% used [0x00000007b34a0000,0x00000007b34a0000,0x00000007b3f30000)
 ParOldGen       total 173760K, used 50783K [0x0000000700000000, 0x000000070a9b0000, 0x00000007aaab0000)
  object space 173760K, 29% used [0x0000000700000000,0x0000000703197c70,0x000000070a9b0000)
 PSPermGen       total 21248K, used 20299K [0x00000006e0000000, 0x00000006e14c0000, 0x0000000700000000)
  object space 21248K, 95% used [0x00000006e0000000,0x00000006e13d2ff8,0x00000006e14c0000)
}
Event: 1.201 GC heap before
{Heap before GC invocations=4 (full 1):
 PSYoungGen      total 141248K, used 10799K [0x00000007aaab0000, 0x00000007b3f30000, 0x0000000800000000)
  eden space 130432K, 0% used [0x00000007aaab0000,0x00000007aaab0000,0x00000007b2a10000)
  from space 10816K, 99% used [0x00000007b2a10000,0x00000007b349bd30,0x00000007b34a0000)
  to   space 10816K, 0% used [0x00000007b34a0000,0x00000007b34a0000,0x00000007b3f30000)
 ParOldGen       total 173760K, used 50783K [0x0000000700000000, 0x000000070a9b0000, 0x00000007aaab0000)
  object space 173760K, 29% used [0x0000000700000000,0x0000000703197c70,0x000000070a9b0000)
 PSPermGen       total 21248K, used 20299K [0x00000006e0000000, 0x00000006e14c0000, 0x0000000700000000)
  object space 21248K, 95% used [0x00000006e0000000,0x00000006e13d2ff8,0x00000006e14c0000)
Event: 1.428 GC heap after
Heap after GC invocations=4 (full 1):
 PSYoungGen      total 141248K, used 0K [0x00000007aaab0000, 0x00000007b3f30000, 0x0000000800000000)
  eden space 130432K, 0% used [0x00000007aaab0000,0x00000007aaab0000,0x00000007b2a10000)
  from space 10816K, 0% used [0x00000007b2a10000,0x00000007b2a10000,0x00000007b34a0000)
  to   space 10816K, 0% used [0x00000007b34a0000,0x00000007b34a0000,0x00000007b3f30000)
 ParOldGen       total 173760K, used 58836K [0x0000000700000000, 0x000000070a9b0000, 0x00000007aaab0000)
  object space 173760K, 33% used [0x0000000700000000,0x00000007039752a8,0x000000070a9b0000)
 PSPermGen       total 40896K, used 20291K [0x00000006e0000000, 0x00000006e27f0000, 0x0000000700000000)
  object space 40896K, 49% used [0x00000006e0000000,0x00000006e13d0d28,0x00000006e27f0000)
}

